[INFO ] [2023-02-09 20:08:17,268] Register - Step 01: Navigate to 'Register' page
[INFO ] [2023-02-09 20:08:18,652] Register - Step 02: Enter to Firstname textbox with value is 'firstName'
[INFO ] [2023-02-09 20:08:18,955] Register - Step 03: Enter to Lastname textbox with value is 'lastName'
[INFO ] [2023-02-09 20:08:19,414] Register - Step 04: Enter to Email textbox with value is 'emailAddress'
[INFO ] [2023-02-09 20:08:20,197] Register - Step 05: Enter to Password textbox with value is 'password'
[INFO ] [2023-02-09 20:08:20,728] Register - Step 06: Enter to Confirm Password textbox with value is 'password'
[INFO ] [2023-02-09 20:08:21,137] Register - Step 07: Click to Register button
[INFO ] [2023-02-09 20:08:21,972] Register - Step 08: Verify succes massage
[2023-02-09 20:12:53,313] Register - Step 01: Navigate to 'Register' page
[2023-02-09 20:12:54,503] Register - Step 02: Enter to Firstname textbox with value is 'firstName'
[2023-02-09 20:12:54,852] Register - Step 03: Enter to Lastname textbox with value is 'lastName'
[2023-02-09 20:12:55,148] Register - Step 04: Enter to Email textbox with value is 'emailAddress'
[2023-02-09 20:12:55,605] Register - Step 05: Enter to Password textbox with value is 'password'
[2023-02-09 20:12:55,931] Register - Step 06: Enter to Confirm Password textbox with value is 'password'
[2023-02-09 20:12:56,248] Register - Step 07: Click to Register button
[2023-02-09 20:12:57,842] Register - Step 08: Verify succes massage
[2023-02-09 20:14:09,003] Register - Step 01: Navigate to 'Register' page
[2023-02-09 20:14:10,953] Register - Step 02: Enter to Firstname textbox with value is 'firstName'
[2023-02-09 20:14:11,424] Register - Step 03: Enter to Lastname textbox with value is 'lastName'
[2023-02-09 20:14:11,865] Register - Step 04: Enter to Email textbox with value is 'emailAddress'
[2023-02-09 20:14:12,286] Register - Step 05: Enter to Password textbox with value is 'password'
[2023-02-09 20:14:12,604] Register - Step 06: Enter to Confirm Password textbox with value is '123456'
[2023-02-09 20:14:12,914] Register - Step 07: Click to Register button
[2023-02-09 20:14:13,961] Register - Step 08: Verify succes massage
[2023-02-09 20:18:09,276] Register - Step 01: Navigate to 'Register' page
[2023-02-09 20:18:10,646] Register - Step 02: Enter to Firstname textbox with value is 'firstName'
[2023-02-09 20:18:10,819] Register - Step 03: Enter to Lastname textbox with value is 'lastName'
[2023-02-09 20:18:10,992] Register - Step 04: Enter to Email textbox with value is 'emailAddress'
[2023-02-09 20:18:11,197] Register - Step 05: Enter to Password textbox with value is 'password'
[2023-02-09 20:18:11,381] Register - Step 06: Enter to Confirm Password textbox with value is '123456'
[2023-02-09 20:18:11,555] Register - Step 07: Click to Register button
[2023-02-09 20:18:12,355] Register - Step 08: Verify succes massage
